
--------------------------------------------------
TXLib соболезнует...

Программа: C:\Users\khan3\Desktop\SquareSolver\program.exe,

ВНЕЗАПНО: signal (22, 0x00): SIGABRT: Аварийное завершение программы, вызвана функция abort(). 

С помощью функции signal() вы можете сами обработать эту ошибку.

#1: TXLib [Ver: 00173a, Rev: 174, Date: 2025-08-03 17:59:06 +0400], Instance: 0x0067C3DC (32-bit), Flags: Cmdre0, Thread: 0x10DC (Main), GetLastError(): 126 (Не найден указанный модуль). 

--------------------------------------------------
Стек вызовов:

# 0 0x0048185E in C:\Users\khan3\Desktop\SquareSolver\program.exe: (anonymous namespace)::TX::_txOnSignal()
# 1 0x76918553 in C:\Windows\System32\msvcrt.dll: raise()
# 2 0x7691CA3B in C:\Windows\System32\msvcrt.dll: abort()
# 3 0x00458E54 in C:\Users\khan3\Desktop\SquareSolver\program.exe: solution_square()
# 4 0x0043B46E in C:\Users\khan3\Desktop\SquareSolver\program.exe: Test_KBADPATKA()
# 5 0x0043B38E in C:\Users\khan3\Desktop\SquareSolver\program.exe: Run_KBADPATKA()
# 6 0x0043B317 in C:\Users\khan3\Desktop\SquareSolver\program.exe: RunAll()
# 7 0x0041DA80 in C:\Users\khan3\Desktop\SquareSolver\program.exe: main()

TXLib печалится: Нет информации об исходных файлах. Вы не забыли опцию -g при компиляции?

--------------------------------------------------
Developed with:

The Dumb Artist Library (TX Library)
TXLib [Ver: 00173a, Rev: 174, Date: 2025-08-03 17:59:06 +0400]
Copyright (C) Ded (Ilya Dedinsky, http://txlib.ru) <mail@txlib.ru>
See license on: http://txlib.ru

TXLib file:	C:\Users\khan3\Downloads\TX\TXLib.h
Compiled:	Aug 26 2025 17:36:13, GNU g++ 4.8.1, std=201103L, MinGW Runtime 3.20, 32-bit, Debug
Started:	Aug 26 2025 17:36:42

Run file:	C:\Users\khan3\Desktop\SquareSolver\program.exe
Directory:	C:\Users\khan3\Desktop\SquareSolver

--------------------------------------------------

--------------------------------------------------
TXLib соболезнует...

Программа: C:\Users\khan3\Desktop\SquareSolver\program.exe,

ВНЕЗАПНО: signal (22, 0x00): SIGABRT: Аварийное завершение программы, вызвана функция abort(). 

С помощью функции signal() вы можете сами обработать эту ошибку.

#1: TXLib [Ver: 00173a, Rev: 174, Date: 2025-08-03 17:59:06 +0400], Instance: 0x0067C3DC (32-bit), Flags: Cmdre0, Thread: 0x2538 (Main), GetLastError(): 126 (Не найден указанный модуль). 

--------------------------------------------------
Стек вызовов:

# 0 0x0048185E in C:\Users\khan3\Desktop\SquareSolver\program.exe: (anonymous namespace)::TX::_txOnSignal()
# 1 0x76918553 in C:\Windows\System32\msvcrt.dll: raise()
# 2 0x7691CA3B in C:\Windows\System32\msvcrt.dll: abort()
# 3 0x00458E54 in C:\Users\khan3\Desktop\SquareSolver\program.exe: solution_square()
# 4 0x0043B46E in C:\Users\khan3\Desktop\SquareSolver\program.exe: Test_KBADPATKA()
# 5 0x0043B38E in C:\Users\khan3\Desktop\SquareSolver\program.exe: Run_KBADPATKA()
# 6 0x0043B317 in C:\Users\khan3\Desktop\SquareSolver\program.exe: RunAll()
# 7 0x0041DA80 in C:\Users\khan3\Desktop\SquareSolver\program.exe: main()

TXLib печалится: Нет информации об исходных файлах. Вы не забыли опцию -g при компиляции?

--------------------------------------------------
Developed with:

The Dumb Artist Library (TX Library)
TXLib [Ver: 00173a, Rev: 174, Date: 2025-08-03 17:59:06 +0400]
Copyright (C) Ded (Ilya Dedinsky, http://txlib.ru) <mail@txlib.ru>
See license on: http://txlib.ru

TXLib file:	C:\Users\khan3\Downloads\TX\TXLib.h
Compiled:	Aug 26 2025 17:36:13, GNU g++ 4.8.1, std=201103L, MinGW Runtime 3.20, 32-bit, Debug
Started:	Aug 26 2025 17:40:05

Run file:	C:\Users\khan3\Desktop\SquareSolver\program.exe
Directory:	C:\Users\khan3\Desktop\SquareSolver

--------------------------------------------------

--------------------------------------------------
TXLib соболезнует...

Программа: C:\Users\khan3\Desktop\SquareSolver\program.exe,

ВНЕЗАПНО: signal (22, 0x00): SIGABRT: Аварийное завершение программы, вызвана функция abort(). 

С помощью функции signal() вы можете сами обработать эту ошибку.

#1: TXLib [Ver: 00173a, Rev: 174, Date: 2025-08-03 17:59:06 +0400], Instance: 0x0067C3DC (32-bit), Flags: Cmdre0, Thread: 0x2E6C (Main), GetLastError(): 126 (Не найден указанный модуль). 

--------------------------------------------------
Стек вызовов:

# 0 0x00481866 in C:\Users\khan3\Desktop\SquareSolver\program.exe: (anonymous namespace)::TX::_txOnSignal()
# 1 0x76918553 in C:\Windows\System32\msvcrt.dll: raise()
# 2 0x7691CA3B in C:\Windows\System32\msvcrt.dll: abort()
# 3 0x004951E2 in C:\Users\khan3\Desktop\SquareSolver\program.exe: ASSsert()
# 4 0x00458E60 in C:\Users\khan3\Desktop\SquareSolver\program.exe: solution_square()
# 5 0x0043B46E in C:\Users\khan3\Desktop\SquareSolver\program.exe: Test_KBADPATKA()
# 6 0x0043B38E in C:\Users\khan3\Desktop\SquareSolver\program.exe: Run_KBADPATKA()
# 7 0x0043B317 in C:\Users\khan3\Desktop\SquareSolver\program.exe: RunAll()
# 8 0x0041DA80 in C:\Users\khan3\Desktop\SquareSolver\program.exe: main()

TXLib печалится: Нет информации об исходных файлах. Вы не забыли опцию -g при компиляции?

--------------------------------------------------
Developed with:

The Dumb Artist Library (TX Library)
TXLib [Ver: 00173a, Rev: 174, Date: 2025-08-03 17:59:06 +0400]
Copyright (C) Ded (Ilya Dedinsky, http://txlib.ru) <mail@txlib.ru>
See license on: http://txlib.ru

TXLib file:	C:\Users\khan3\Downloads\TX\TXLib.h
Compiled:	Aug 26 2025 18:42:57, GNU g++ 4.8.1, std=201103L, MinGW Runtime 3.20, 32-bit, Debug
Started:	Aug 26 2025 18:44:41

Run file:	C:\Users\khan3\Desktop\SquareSolver\program.exe
Directory:	C:\Users\khan3\Desktop\SquareSolver

--------------------------------------------------

--------------------------------------------------
TXLib соболезнует...

Программа: C:\Users\khan3\Desktop\SquareSolver\program.exe,

ВНЕЗАПНО: signal (22, 0x00): SIGABRT: Аварийное завершение программы, вызвана функция abort(). 

С помощью функции signal() вы можете сами обработать эту ошибку.

#1: TXLib [Ver: 00173a, Rev: 174, Date: 2025-08-03 17:59:06 +0400], Instance: 0x0067C3DC (32-bit), Flags: Cmdre0, Thread: 0x22D0 (Main), GetLastError(): 126 (Не найден указанный модуль). 

--------------------------------------------------
Стек вызовов:

# 0 0x0048187E in C:\Users\khan3\Desktop\SquareSolver\program.exe: (anonymous namespace)::TX::_txOnSignal()
# 1 0x76918553 in C:\Windows\System32\msvcrt.dll: raise()
# 2 0x7691CA3B in C:\Windows\System32\msvcrt.dll: abort()
# 3 0x00495201 in C:\Users\khan3\Desktop\SquareSolver\program.exe: ASSsert()
# 4 0x00458E70 in C:\Users\khan3\Desktop\SquareSolver\program.exe: solution_square()
# 5 0x0043B46E in C:\Users\khan3\Desktop\SquareSolver\program.exe: Test_KBADPATKA()
# 6 0x0043B38E in C:\Users\khan3\Desktop\SquareSolver\program.exe: Run_KBADPATKA()
# 7 0x0043B317 in C:\Users\khan3\Desktop\SquareSolver\program.exe: RunAll()
# 8 0x0041DA80 in C:\Users\khan3\Desktop\SquareSolver\program.exe: main()

TXLib печалится: Нет информации об исходных файлах. Вы не забыли опцию -g при компиляции?

--------------------------------------------------
Developed with:

The Dumb Artist Library (TX Library)
TXLib [Ver: 00173a, Rev: 174, Date: 2025-08-03 17:59:06 +0400]
Copyright (C) Ded (Ilya Dedinsky, http://txlib.ru) <mail@txlib.ru>
See license on: http://txlib.ru

TXLib file:	C:\Users\khan3\Downloads\TX\TXLib.h
Compiled:	Aug 26 2025 18:58:55, GNU g++ 4.8.1, std=201103L, MinGW Runtime 3.20, 32-bit, Debug
Started:	Aug 26 2025 18:59:31

Run file:	C:\Users\khan3\Desktop\SquareSolver\program.exe
Directory:	C:\Users\khan3\Desktop\SquareSolver

--------------------------------------------------
